<?xml version="1.0" encoding="UTF-8"?>
<!-- Generated by org.testng.reporters.JUnitReportReporter -->
<testsuite hostname="SoumyaRaj" failures="0" tests="1" name="runners.RegistrationRunner" time="16.694" errors="0" timestamp="2025-08-05T15:18:32 IST" skipped="0">
  <testcase classname="runners.RegistrationRunner" name="runScenario" time="16.694"/>
</testsuite> <!-- runners.RegistrationRunner -->
