<?xml version="1.0" encoding="UTF-8"?>
<!-- Generated by org.testng.reporters.JUnitReportReporter -->
<testsuite hostname="SoumyaRaj" failures="0" tests="1" name="runners.TestRunner" time="16.481" errors="0" timestamp="2025-08-19T11:22:50 IST" skipped="0">
  <testcase classname="runners.TestRunner" name="runScenario" time="16.481"/>
</testsuite> <!-- runners.TestRunner -->
