<?xml version="1.0" encoding="UTF-8"?>
<!-- Generated by org.testng.reporters.JUnitReportReporter -->
<testsuite hostname="SoumyaRaj" failures="0" tests="1" name="runners.TestRunner" time="11.537" errors="0" timestamp="2025-08-08T18:16:12 IST" skipped="0">
  <testcase classname="runners.TestRunner" name="runScenario" time="11.537"/>
</testsuite> <!-- runners.TestRunner -->
